<?xml version="1.0" encoding="UTF-8"?>
<!-- Generated by org.testng.reporters.JUnitXMLReporter -->
<testsuite ignored="0" hostname="LAPTOP-4QFJKR4E" failures="0" tests="3" name="Group 3" time="11.015" errors="0" timestamp="2023-01-17T23:21:06 ICT">
  <testcase classname="test.tricentis.footer.FooterTest" name="testFooterCategoryPage" time="10.836"/>
  <testcase classname="test.tricentis.footer.FooterTest" name="testFooterHomePage" time="0.021"/>
  <testcase classname="test.tricentis.footer.FooterTest" name="testFooterLoginPage" time="0.013"/>
</testsuite> <!-- Group 3 -->
