<?xml version="1.0" encoding="UTF-8"?>
<!-- Generated by org.testng.reporters.JUnitXMLReporter -->
<testsuite ignored="2" hostname="LAPTOP-4QFJKR4E" failures="0" tests="6" name="Group 4" time="178.443" errors="0" timestamp="2023-01-17T23:23:53 ICT">
  <testcase classname="test.tricentis.order.BuyingCheapComputerTest" name="testCheapComputerBuying" time="50.31"/>
  <testcase classname="test.tricentis.order.BuyingCheapComputerTest" name="testCheapComputerBuying" time="26.919"/>
  <testcase classname="test.tricentis.order.BuyingCheapComputerTest" name="testCheapComputerBuying" time="26.093"/>
  <testcase classname="test.tricentis.order.BuyingStandardComputerTest" name="testStandardComputerBuying" time="24.436"/>
  <testcase classname="test.tricentis.order.BuyingStandardComputerTest" name="testStandardComputerBuying" time="24.924"/>
  <testcase classname="test.tricentis.order.BuyingStandardComputerTest" name="testStandardComputerBuying" time="24.666"/>
  <testcase classname="test.tricentis.BaseTest" name="@AfterTest closeBrowserSession" time="0.0">
    <ignored/>
  </testcase> <!-- @AfterTest closeBrowserSession -->
  <testcase classname="test.tricentis.BaseTest" name="@BeforeTest initBrowserSession" time="0.0">
    <ignored/>
  </testcase> <!-- @BeforeTest initBrowserSession -->
</testsuite> <!-- Group 4 -->
