<?xml version="1.0" encoding="UTF-8"?>
<testsuite xmlns:xsi="http://www.w3.org/2001/XMLSchema-instance" xsi:noNamespaceSchemaLocation="https://maven.apache.org/surefire/maven-surefire-plugin/xsd/surefire-test-report-3.0.xsd" version="3.0" name="TestSuite" time="253.751" tests="6" errors="0" skipped="0" failures="0">
  <properties>
[...]
</properties>
  <testcase name="testStandardComputerBuying[ComputerData{processorType=&apos;2.2GHz&apos;, ram=&apos;8GB&apos;, os=&apos;Ubuntu&apos;, hdd=&apos;400 GB&apos;, software=&apos;Microsoft Office&apos;}](1)" classname="tests.tricentis.order.BuyingStandardComputerTest" time="61.195">
    <system-out><![CDATA[Additional price: 100.0
Additional price: 50.0
Base price: 1200.0
==> Sub-Total on item: 1350.0

############# Checkout Price ############
Price Categorized: {Total=1365.0, Tax=0.0, Shipping=0.0, Sub-Total=1365.0}
	SubTotal: 1365.0
	OtherFees: 0.0
	Total: 1365.0
UserDataObject{firstName='Nghiem', lastLame='Nguyen', email='nghiemtest@gmail.com', company='Bosch', country='United States', state='Alabama', city='City', address1='Address 1', address2='Address 2', zipCode='1234', phoneNum='0987654321', faxNum='34857593'}

Shipping Method Selected is: Ground (0.00)

Payment Method Selected is: Credit Card
Select expired month:1
Select expired year: 2024
]]></system-out>
    <system-err><![CDATA[Jan 05, 2023 5:03:55 PM io.github.bonigarcia.wdm.WebDriverManager resolveDriverVersion
INFO: Using chromedriver 108.0.5359.71 (resolved driver for Chrome 108)
Jan 05, 2023 5:03:55 PM io.github.bonigarcia.wdm.WebDriverManager exportDriver
INFO: Exporting webdriver.chrome.driver as C:\Users\PC\.cache\selenium\chromedriver\win32\108.0.5359.71\chromedriver.exe
Starting ChromeDriver 108.0.5359.71 (1e0e3868ee06e91ad636a874420e3ca3ae3756ac-refs/branch-heads/5359@{#1016}) on port 47669
Only local connections are allowed.
Please see https://chromedriver.chromium.org/security-considerations for suggestions on keeping ChromeDriver safe.
ChromeDriver was started successfully.
Jan 05, 2023 5:04:00 PM org.openqa.selenium.devtools.CdpVersionFinder findNearestMatch
WARNING: Unable to find an exact match for CDP version 108, so returning the closest version found: 107
]]></system-err>
  </testcase>
  <testcase name="testStandardComputerBuying[ComputerData{processorType=&apos;2.5GHz&apos;, ram=&apos;4GB&apos;, os=&apos;Windows 7&apos;, hdd=&apos;320 GB&apos;, software=&apos;Acrobat Reader&apos;}](2)" classname="tests.tricentis.order.BuyingStandardComputerTest" time="42.337">
    <system-out><![CDATA[Additional price: 50.0
Additional price: 10.0
Base price: 1200.0
==> Sub-Total on item: 1260.0

############# Checkout Price ############
Price Categorized: {Total=1275.0, Tax=0.0, Shipping=0.0, Sub-Total=1275.0}
	SubTotal: 1275.0
	OtherFees: 0.0
	Total: 1275.0
UserDataObject{firstName='Nghiem', lastLame='Nguyen', email='nghiemtest@gmail.com', company='Bosch', country='United States', state='Alabama', city='City', address1='Address 1', address2='Address 2', zipCode='1234', phoneNum='0987654321', faxNum='34857593'}

Shipping Method Selected is: 2nd Day Air (0.00)

Payment Method Selected is: Credit Card
Select expired month:1
Select expired year: 2024
]]></system-out>
  </testcase>
  <testcase name="testStandardComputerBuying[ComputerData{processorType=&apos;2.2GHz&apos;, ram=&apos;2GB&apos;, os=&apos;Windows 10&apos;, hdd=&apos;320 GB&apos;, software=&apos;Total Commander&apos;}](3)" classname="tests.tricentis.order.BuyingStandardComputerTest" time="37.497">
    <system-out><![CDATA[Additional price: 60.0
Additional price: 5.0
Base price: 1200.0
==> Sub-Total on item: 1265.0

############# Checkout Price ############
Price Categorized: {Total=1280.0, Tax=0.0, Shipping=0.0, Sub-Total=1280.0}
	SubTotal: 1280.0
	OtherFees: 0.0
	Total: 1280.0
UserDataObject{firstName='Nghiem', lastLame='Nguyen', email='nghiemtest@gmail.com', company='Bosch', country='United States', state='Alabama', city='City', address1='Address 1', address2='Address 2', zipCode='1234', phoneNum='0987654321', faxNum='34857593'}

Shipping Method Selected is: Ground (0.00)

Payment Method Selected is: Credit Card
Select expired month:1
Select expired year: 2024
]]></system-out>
  </testcase>
  <testcase name="testCheapComputerBuying[ComputerData{processorType=&apos;Fast&apos;, ram=&apos;8 GB&apos;, os=&apos;null&apos;, hdd=&apos;320 GB&apos;, software=&apos;Image Viever&apos;}](1)" classname="tests.tricentis.order.BuyingCheapComputerTest" time="40.035">
    <system-out><![CDATA[Additional price: 60.0
Additional price: 100.0
Additional price: 5.0
Base price: 800.0
==> Sub-Total on item: 965.0

############# Checkout Price ############
Price Categorized: {Total=965.0, Tax=0.0, Shipping=0.0, Sub-Total=965.0}
	SubTotal: 965.0
	OtherFees: 0.0
	Total: 965.0
UserDataObject{firstName='Nghiem', lastLame='Nguyen', email='nghiemtest@gmail.com', company='Bosch', country='United States', state='Alabama', city='City', address1='Address 1', address2='Address 2', zipCode='1234', phoneNum='0987654321', faxNum='34857593'}

Shipping Method Selected is: Next Day Air (0.00)

Payment Method Selected is: Credit Card
Select expired month:1
Select expired year: 2024
]]></system-out>
  </testcase>
  <testcase name="testCheapComputerBuying[ComputerData{processorType=&apos;Fast&apos;, ram=&apos;4 GB&apos;, os=&apos;null&apos;, hdd=&apos;400 GB&apos;, software=&apos;Office Suite&apos;}](2)" classname="tests.tricentis.order.BuyingCheapComputerTest" time="31.646">
    <system-out><![CDATA[Additional price: 20.0
Additional price: 100.0
Additional price: 100.0
Additional price: 100.0
Base price: 800.0
==> Sub-Total on item: 1120.0

############# Checkout Price ############
Price Categorized: {Total=1120.0, Tax=0.0, Shipping=0.0, Sub-Total=1120.0}
	SubTotal: 1120.0
	OtherFees: 0.0
	Total: 1120.0
UserDataObject{firstName='Nghiem', lastLame='Nguyen', email='nghiemtest@gmail.com', company='Bosch', country='United States', state='Alabama', city='City', address1='Address 1', address2='Address 2', zipCode='1234', phoneNum='0987654321', faxNum='34857593'}

Shipping Method Selected is: Ground (0.00)

Payment Method Selected is: Credit Card
Select expired month:1
Select expired year: 2024
]]></system-out>
  </testcase>
  <testcase name="testCheapComputerBuying[ComputerData{processorType=&apos;Fast&apos;, ram=&apos;2 GB&apos;, os=&apos;null&apos;, hdd=&apos;320 GB&apos;, software=&apos;Other Office Suite&apos;}](3)" classname="tests.tricentis.order.BuyingCheapComputerTest" time="29.067">
    <system-out><![CDATA[Additional price: 100.0
Additional price: 40.0
Base price: 800.0
==> Sub-Total on item: 940.0

############# Checkout Price ############
Price Categorized: {Total=940.0, Tax=0.0, Shipping=0.0, Sub-Total=940.0}
	SubTotal: 940.0
	OtherFees: 0.0
	Total: 940.0
UserDataObject{firstName='Nghiem', lastLame='Nguyen', email='nghiemtest@gmail.com', company='Bosch', country='United States', state='Alabama', city='City', address1='Address 1', address2='Address 2', zipCode='1234', phoneNum='0987654321', faxNum='34857593'}

Shipping Method Selected is: Next Day Air (0.00)

Payment Method Selected is: Credit Card
Select expired month:1
Select expired year: 2024
]]></system-out>
  </testcase>
</testsuite>