<?xml version="1.0" encoding="UTF-8"?>
<testsuite xmlns:xsi="http://www.w3.org/2001/XMLSchema-instance" xsi:noNamespaceSchemaLocation="https://maven.apache.org/surefire/maven-surefire-plugin/xsd/surefire-test-report-3.0.xsd" version="3.0" name="TestSuite" time="114.731" tests="9" errors="0" skipped="0" failures="0">
  <properties>
[...]
</properties>
  <testcase name="testFooterCategoryPage" classname="tests.tricentis.footer.FooterTest" time="4.664">
    <system-err><![CDATA[Dec 30, 2022 10:47:33 AM io.github.bonigarcia.wdm.WebDriverManager resolveDriverVersion
INFO: Using chromedriver 108.0.5359.71 (resolved driver for Chrome 108)
Dec 30, 2022 10:47:33 AM io.github.bonigarcia.wdm.WebDriverManager resolveDriverVersion
INFO: Using chromedriver 108.0.5359.71 (resolved driver for Chrome 108)
Dec 30, 2022 10:47:33 AM io.github.bonigarcia.wdm.WebDriverManager exportDriver
INFO: Exporting webdriver.chrome.driver as C:\Users\PC\.cache\selenium\chromedriver\win32\108.0.5359.71\chromedriver.exe
Dec 30, 2022 10:47:33 AM io.github.bonigarcia.wdm.WebDriverManager exportDriver
INFO: Exporting webdriver.chrome.driver as C:\Users\PC\.cache\selenium\chromedriver\win32\108.0.5359.71\chromedriver.exe
Starting ChromeDriver 108.0.5359.71 (1e0e3868ee06e91ad636a874420e3ca3ae3756ac-refs/branch-heads/5359@{#1016}) on port 1655
Only local connectionsS atraret ianlgl oCwherdo.m
ePDlreaisev erse e10 8.0.h53tt5p9.s7:1/ /(chro1meedr0iev3e8r.6c8here0o6meiu9m1.aod6rg3/6sae87c4u4r2i0et3yc-a3ace37o5n6saic-derrefast/iobnrsan cfh-oherads /5s3u5g9g@e{s#t1i01o6n})s o no np okrete p65i1n5g
 OCnhlyr olomceaDlr icovnenerc tsiaofnes. a
re allowed.
Please see https://chromedriver.chromium.org/security-considerations for suggestions on keeping ChromeDriver safe.
ChromeDriver was started successfully.
ChromeDriver was started successfully.
Dec 30, 2022 10:47:38 AM org.openqa.selenium.devtools.CdpVersionFinder findNearestMatch
WARNING: Unable to find an exact match for CDP version 108, so returning the closest version found: 107
Dec 30, 2022 10:47:38 AM org.openqa.selenium.devtools.CdpVersionFinder findNearestMatch
WARNING: Unable to find an exact match for CDP version 108, so returning the closest version found: 107
]]></system-err>
  </testcase>
  <testcase name="testFooterHomePage" classname="tests.tricentis.footer.FooterTest" time="6.404">
    <system-out><![CDATA[Additional price: 100.0
Additional price: 50.0
Base price: 1200.0
==> Sub-Total on item: 1350.0
]]></system-out>
    <system-err><![CDATA[Dec 30, 2022 10:47:43 AM io.github.bonigarcia.wdm.WebDriverManager resolveDriverVersion
INFO: Using chromedriver 108.0.5359.71 (resolved driver for Chrome 108)
Dec 30, 2022 10:47:43 AM io.github.bonigarcia.wdm.WebDriverManager exportDriver
INFO: Exporting webdriver.chrome.driver as C:\Users\PC\.cache\selenium\chromedriver\win32\108.0.5359.71\chromedriver.exe
Starting ChromeDriver 108.0.5359.71 (1e0e3868ee06e91ad636a874420e3ca3ae3756ac-refs/branch-heads/5359@{#1016}) on port 9142
Only local connections are allowed.
Please see https://chromedriver.chromium.org/security-considerations for suggestions on keeping ChromeDriver safe.
ChromeDriver was started successfully.
Dec 30, 2022 10:47:45 AM org.openqa.selenium.devtools.CdpVersionFinder findNearestMatch
WARNING: Unable to find an exact match for CDP version 108, so returning the closest version found: 107
org.openqa.selenium.InvalidSelectorException: invalid selector: Unable to locate an element with the xpath expression //li/ /a because of the following error:
SyntaxError: Failed to execute 'evaluate' on 'Document': The string '//li/ /a' is not a valid XPath expression.
  (Session info: chrome=108.0.5359.125)
For documentation on this error, please visit: https://selenium.dev/exceptions/#invalid_selector_exception
Build info: version: '4.6.0', revision: '79f1c02ae20'
System info: os.name: 'Windows 10', os.arch: 'amd64', os.version: '10.0', java.version: '15.0.2'
Driver info: org.openqa.selenium.chrome.ChromeDriver
Command: [bf2dd25d5e4d89ab691f6909b9cadf0c, findChildElements {id=bd30f63a-a329-49f4-bb95-581c2c92c520, using=xpath, value=//li/ /a}]
Capabilities {acceptInsecureCerts: false, browserName: chrome, browserVersion: 108.0.5359.125, chrome: {chromedriverVersion: 108.0.5359.71 (1e0e3868ee06..., userDataDir: C:\Users\PC\AppData\Local\T...}, goog:chromeOptions: {debuggerAddress: localhost:49963}, networkConnectionEnabled: false, pageLoadStrategy: normal, platformName: WINDOWS, proxy: Proxy(), se:cdp: ws://localhost:49963/devtoo..., se:cdpVersion: 108.0.5359.125, setWindowRect: true, strictFileInteractability: false, timeouts: {implicit: 0, pageLoad: 300000, script: 30000}, unhandledPromptBehavior: dismiss and notify, webauthn:extension:credBlob: true, webauthn:extension:largeBlob: true, webauthn:virtualAuthenticators: true}
Session ID: bf2dd25d5e4d89ab691f6909b9cadf0c
	at java.base/jdk.internal.reflect.NativeConstructorAccessorImpl.newInstance0(Native Method)
	at java.base/jdk.internal.reflect.NativeConstructorAccessorImpl.newInstance(NativeConstructorAccessorImpl.java:64)
	at java.base/jdk.internal.reflect.DelegatingConstructorAccessorImpl.newInstance(DelegatingConstructorAccessorImpl.java:45)
	at java.base/java.lang.reflect.Constructor.newInstanceWithCaller(Constructor.java:500)
	at java.base/java.lang.reflect.Constructor.newInstance(Constructor.java:481)
	at org.openqa.selenium.remote.codec.w3c.W3CHttpResponseCodec.createException(W3CHttpResponseCodec.java:200)
	at org.openqa.selenium.remote.codec.w3c.W3CHttpResponseCodec.decode(W3CHttpResponseCodec.java:133)
	at org.openqa.selenium.remote.codec.w3c.W3CHttpResponseCodec.decode(W3CHttpResponseCodec.java:53)
	at org.openqa.selenium.remote.HttpCommandExecutor.execute(HttpCommandExecutor.java:184)
	at org.openqa.selenium.remote.service.DriverCommandExecutor.invokeExecute(DriverCommandExecutor.java:167)
	at org.openqa.selenium.remote.service.DriverCommandExecutor.execute(DriverCommandExecutor.java:142)
	at org.openqa.selenium.remote.RemoteWebDriver.execute(RemoteWebDriver.java:541)
	at org.openqa.selenium.remote.ElementLocation$ElementFinder$2.findElements(ElementLocation.java:179)
	at org.openqa.selenium.remote.ElementLocation.findElements(ElementLocation.java:102)
	at org.openqa.selenium.remote.RemoteWebDriver.findElements(RemoteWebDriver.java:380)
	at org.openqa.selenium.remote.RemoteWebElement.findElements(RemoteWebElement.java:219)
	at models.components.Component.findElements(Component.java:33)
	at models.components.global.footer.FooterColumnComponent.linksElem(FooterColumnComponent.java:24)
	at test_flows.global.footer.FooterTestFlow.verifyFooterColumn(FooterTestFlow.java:72)
	at test_flows.global.footer.FooterTestFlow.verifyInformationColumn(FooterTestFlow.java:52)
	at test_flows.global.footer.FooterTestFlow.verifyFooterComponent(FooterTestFlow.java:29)
	at tests.tricentis.footer.FooterTest.testFooterHomePage(FooterTest.java:17)
	at java.base/jdk.internal.reflect.NativeMethodAccessorImpl.invoke0(Native Method)
	at java.base/jdk.internal.reflect.NativeMethodAccessorImpl.invoke(NativeMethodAccessorImpl.java:64)
	at java.base/jdk.internal.reflect.DelegatingMethodAccessorImpl.invoke(DelegatingMethodAccessorImpl.java:43)
	at java.base/java.lang.reflect.Method.invoke(Method.java:564)
	at org.testng.internal.invokers.MethodInvocationHelper.invokeMethod(MethodInvocationHelper.java:139)
	at org.testng.internal.invokers.TestInvoker.invokeMethod(TestInvoker.java:677)
	at org.testng.internal.invokers.TestInvoker.invokeTestMethod(TestInvoker.java:221)
	at org.testng.internal.invokers.MethodRunner.runInSequence(MethodRunner.java:50)
	at org.testng.internal.invokers.TestInvoker$MethodInvocationAgent.invoke(TestInvoker.java:962)
	at org.testng.internal.invokers.TestInvoker.invokeTestMethods(TestInvoker.java:194)
	at org.testng.internal.invokers.TestMethodWorker.invokeTestMethods(TestMethodWorker.java:148)
	at org.testng.internal.invokers.TestMethodWorker.run(TestMethodWorker.java:128)
	at java.base/java.util.ArrayList.forEach(ArrayList.java:1511)
	at org.testng.TestRunner.privateRun(TestRunner.java:806)
	at org.testng.TestRunner.run(TestRunner.java:601)
	at org.testng.SuiteRunner.runTest(SuiteRunner.java:433)
	at org.testng.SuiteRunner$SuiteWorker.run(SuiteRunner.java:471)
	at org.testng.internal.thread.ThreadUtil.lambda$execute$0(ThreadUtil.java:58)
	at java.base/java.util.concurrent.FutureTask.run(FutureTask.java:264)
	at java.base/java.util.concurrent.ThreadPoolExecutor.runWorker(ThreadPoolExecutor.java:1130)
	at java.base/java.util.concurrent.ThreadPoolExecutor$Worker.run(ThreadPoolExecutor.java:630)
	at java.base/java.lang.Thread.run(Thread.java:832)
]]></system-err>
  </testcase>
  <testcase name="testFooterLoginPage" classname="tests.tricentis.footer.FooterTest" time="5.463">
    <system-out><![CDATA[############################################################
{Total=1365.0, Tax=0.0, Shipping=0.0, Sub-Total=1365.0}
checkoutSubTotal: 1365.0
checkoutOtherFees: 0.0
checkoutTotal: 1365.0
]]></system-out>
    <system-err><![CDATA[Dec 30, 2022 10:47:50 AM io.github.bonigarcia.wdm.WebDriverManager resolveDriverVersion
INFO: Using chromedriver 108.0.5359.71 (resolved driver for Chrome 108)
Dec 30, 2022 10:47:50 AM io.github.bonigarcia.wdm.WebDriverManager exportDriver
INFO: Exporting webdriver.chrome.driver as C:\Users\PC\.cache\selenium\chromedriver\win32\108.0.5359.71\chromedriver.exe
Starting ChromeDriver 108.0.5359.71 (1e0e3868ee06e91ad636a874420e3ca3ae3756ac-refs/branch-heads/5359@{#1016}) on port 17262
Only local connections are allowed.
Please see https://chromedriver.chromium.org/security-considerations for suggestions on keeping ChromeDriver safe.
ChromeDriver was started successfully.
Dec 30, 2022 10:47:51 AM org.openqa.selenium.devtools.CdpVersionFinder findNearestMatch
WARNING: Unable to find an exact match for CDP version 108, so returning the closest version found: 107
]]></system-err>
  </testcase>
  <testcase name="testStandardComputerBuying[ComputerData{processorType=&apos;2.2GHz&apos;, ram=&apos;8GB&apos;, os=&apos;Ubuntu&apos;, hdd=&apos;400 GB&apos;, software=&apos;Microsoft Office&apos;}](1)" classname="tests.tricentis.order.BuyingStandardComputerTest" time="18.065">
    <system-out><![CDATA[UserDataObject{firstName='Firstname', lastLame='Lastname', email='email@email.com', company='CompanyName', country='United States', state='Alabama', city='City', address1='Address 1', address2='Address 2', zipCode='1234', phoneNum='0987654321', faxNum='34857593'}
]]></system-out>
  </testcase>
  <testcase name="testStandardComputerBuying[ComputerData{processorType=&apos;2.5GHz&apos;, ram=&apos;4GB&apos;, os=&apos;Windows 7&apos;, hdd=&apos;320 GB&apos;, software=&apos;Acrobat Reader&apos;}](2)" classname="tests.tricentis.order.BuyingStandardComputerTest" time="15.771">
    <system-out><![CDATA[Additional price: 50.0
Additional price: 10.0
Base price: 1200.0
==> Sub-Total on item: 1260.0
############################################################
{Total=2640.0, Tax=0.0, Shipping=0.0, Sub-Total=2640.0}
checkoutSubTotal: 2640.0
checkoutOtherFees: 0.0
checkoutTotal: 2640.0
UserDataObject{firstName='Firstname', lastLame='Lastname', email='email@email.com', company='CompanyName', country='United States', state='Alabama', city='City', address1='Address 1', address2='Address 2', zipCode='1234', phoneNum='0987654321', faxNum='34857593'}
]]></system-out>
  </testcase>
  <testcase name="testStandardComputerBuying[ComputerData{processorType=&apos;2.2GHz&apos;, ram=&apos;2GB&apos;, os=&apos;Windows 10&apos;, hdd=&apos;320 GB&apos;, software=&apos;Total Commander&apos;}](3)" classname="tests.tricentis.order.BuyingStandardComputerTest" time="14.449">
    <system-out><![CDATA[Additional price: 60.0
Additional price: 5.0
Base price: 1200.0
==> Sub-Total on item: 1265.0
############################################################
{Total=3920.0, Tax=0.0, Shipping=0.0, Sub-Total=3920.0}
checkoutSubTotal: 3920.0
checkoutOtherFees: 0.0
checkoutTotal: 3920.0
UserDataObject{firstName='Firstname', lastLame='Lastname', email='email@email.com', company='CompanyName', country='United States', state='Alabama', city='City', address1='Address 1', address2='Address 2', zipCode='1234', phoneNum='0987654321', faxNum='34857593'}
]]></system-out>
  </testcase>
  <testcase name="testCheapComputerBuying[ComputerData{processorType=&apos;Fast&apos;, ram=&apos;8 GB&apos;, os=&apos;null&apos;, hdd=&apos;320 GB&apos;, software=&apos;Image Viever&apos;}](1)" classname="tests.tricentis.order.BuyingCheapComputerTest" time="14.458">
    <system-out><![CDATA[Additional price: 60.0
Additional price: 100.0
Additional price: 5.0
Base price: 800.0
==> Sub-Total on item: 965.0
############################################################
{Total=4885.0, Tax=0.0, Shipping=0.0, Sub-Total=4885.0}
checkoutSubTotal: 4885.0
checkoutOtherFees: 0.0
checkoutTotal: 4885.0
UserDataObject{firstName='Firstname', lastLame='Lastname', email='email@email.com', company='CompanyName', country='United States', state='Alabama', city='City', address1='Address 1', address2='Address 2', zipCode='1234', phoneNum='0987654321', faxNum='34857593'}
]]></system-out>
  </testcase>
  <testcase name="testCheapComputerBuying[ComputerData{processorType=&apos;Fast&apos;, ram=&apos;4 GB&apos;, os=&apos;null&apos;, hdd=&apos;400 GB&apos;, software=&apos;Office Suite&apos;}](2)" classname="tests.tricentis.order.BuyingCheapComputerTest" time="15.784">
    <system-out><![CDATA[Additional price: 20.0
Additional price: 100.0
Additional price: 100.0
Additional price: 100.0
Base price: 800.0
==> Sub-Total on item: 1120.0
############################################################
{Total=6005.0, Tax=0.0, Shipping=0.0, Sub-Total=6005.0}
checkoutSubTotal: 6005.0
checkoutOtherFees: 0.0
checkoutTotal: 6005.0
UserDataObject{firstName='Firstname', lastLame='Lastname', email='email@email.com', company='CompanyName', country='United States', state='Alabama', city='City', address1='Address 1', address2='Address 2', zipCode='1234', phoneNum='0987654321', faxNum='34857593'}
]]></system-out>
  </testcase>
  <testcase name="testCheapComputerBuying[ComputerData{processorType=&apos;Fast&apos;, ram=&apos;2 GB&apos;, os=&apos;null&apos;, hdd=&apos;320 GB&apos;, software=&apos;Other Office Suite&apos;}](3)" classname="tests.tricentis.order.BuyingCheapComputerTest" time="14.705">
    <system-out><![CDATA[Additional price: 100.0
Additional price: 40.0
Base price: 800.0
==> Sub-Total on item: 940.0
############################################################
{Total=6945.0, Tax=0.0, Shipping=0.0, Sub-Total=6945.0}
checkoutSubTotal: 6945.0
checkoutOtherFees: 0.0
checkoutTotal: 6945.0
UserDataObject{firstName='Firstname', lastLame='Lastname', email='email@email.com', company='CompanyName', country='United States', state='Alabama', city='City', address1='Address 1', address2='Address 2', zipCode='1234', phoneNum='0987654321', faxNum='34857593'}
]]></system-out>
  </testcase>
</testsuite>