<?xml version="1.0" encoding="UTF-8"?>
<testng-results ignored="0" total="0" passed="0" failed="0" skipped="0">
  <reporter-output>
  </reporter-output>
  <suite started-at="2022-12-11T18:05:37 ICT" name="TestDataProvider" finished-at="2022-12-11T18:05:43 ICT" duration-ms="6145">
    <groups>
    </groups>
    <test started-at="2022-12-11T18:05:37 ICT" name="Login Test" finished-at="2022-12-11T18:05:43 ICT" duration-ms="6145">
      <class name="apilearning.LoginForm">
        <test-method is-config="true" signature="initBrowserSession()[pri:0, instance:apilearning.LoginForm@1813f3e9]" started-at="2022-12-11T18:05:37 ICT" name="initBrowserSession" finished-at="2022-12-11T18:05:42 ICT" duration-ms="5497" status="PASS">
          <reporter-output>
          </reporter-output>
        </test-method> <!-- initBrowserSession -->
        <test-method is-config="true" signature="closeBrowserSession()[pri:0, instance:apilearning.LoginForm@1813f3e9]" started-at="2022-12-11T18:05:42 ICT" name="closeBrowserSession" finished-at="2022-12-11T18:05:43 ICT" duration-ms="567" status="PASS">
          <reporter-output>
          </reporter-output>
        </test-method> <!-- closeBrowserSession -->
      </class> <!-- apilearning.LoginForm -->
    </test> <!-- Login Test -->
  </suite> <!-- TestDataProvider -->
</testng-results>
